webviewtest/proguard/seeds.txt
com.example.webviewtest.MainActivity
com.example.webviewtest.MainActivity: MainActivity()
com.example.webviewtest.R$anim: int abc_fade_in
com.example.webviewtest.R$anim: int abc_fade_out
com.example.webviewtest.R$anim: int abc_slide_in_bottom
com.example.webviewtest.R$anim: int abc_slide_in_top
com.example.webviewtest.R$anim: int abc_slide_out_bottom
com.example.webviewtest.R$anim: int abc_slide_out_top
com.example.webviewtest.R$attr: int actionBarDivider
com.example.webviewtest.R$attr: int actionBarItemBackground
com.example.webviewtest.R$attr: int actionBarSize
com.example.webviewtest.R$attr: int actionBarSplitStyle
com.example.webviewtest.R$attr: int actionBarStyle
com.example.webviewtest.R$attr: int actionBarTabBarStyle
com.example.webviewtest.R$attr: int actionBarTabStyle
com.example.webviewtest.R$attr: int actionBarTabTextStyle
com.example.webviewtest.R$attr: int actionBarWidgetTheme
com.example.webviewtest.R$attr: int actionButtonStyle
com.example.webviewtest.R$attr: int actionDropDownStyle
com.example.webviewtest.R$attr: int actionLayout
com.example.webviewtest.R$attr: int actionMenuTextAppearance
com.example.webviewtest.R$attr: int actionMenuTextColor
com.example.webviewtest.R$attr: int actionModeBackground
com.example.webviewtest.R$attr: int actionModeCloseButtonStyle
com.example.webviewtest.R$attr: int actionModeCloseDrawable
com.example.webviewtest.R$attr: int actionModeCopyDrawable
com.example.webviewtest.R$attr: int actionModeCutDrawable
com.example.webviewtest.R$attr: int actionModeFindDrawable
com.example.webviewtest.R$attr: int actionModePasteDrawable
com.example.webviewtest.R$attr: int actionModePopupWindowStyle
com.example.webviewtest.R$attr: int actionModeSelectAllDrawable
com.example.webviewtest.R$attr: int actionModeShareDrawable
com.example.webviewtest.R$attr: int actionModeSplitBackground
com.example.webviewtest.R$bool: int abc_action_bar_embed_tabs_pre_jb
com.example.webviewtest.R$bool: int abc_action_bar_expanded_action_views_exclusive
com.example.webviewtest.R$bool: int abc_config_actionMenuItemAllCaps
com.example.webviewtest.R$bool: int abc_config_allowActionMenuItemTextWithIcon
com.example.webviewtest.R$bool: int abc_config_showMenuShortcutsWhenKeyboardPresent
com.example.webviewtest.R$bool: int abc_split_action_bar_is_narrow
com.example.webviewtest.R$color: int abc_search_url_text_holo
com.example.webviewtest.R$color: int abc_search_url_text_normal
com.example.webviewtest.R$color: int abc_search_url_text_pressed
com.example.webviewtest.R$color: int abc_search_url_text_selected
...
android.support.v7.internal.view.menu.ExpandedMenuView
android.support.v7.internal.view.menu.ExpandedMenuView: ExpandedMenuView(android.content.Context,android.util.AttributeSet)
android.support.v7.internal.view.menu.ExpandedMenuView: int getWindowAnimations()
android.support.v7.internal.view.menu.ListMenuItemView
android.support.v7.internal.view.menu.ListMenuItemView: ListMenuItemView(android.content.Context,android.util.AttributeSet,int)
android.support.v7.internal.view.menu.ListMenuItemView: ListMenuItemView(android.content.Context,android.util.AttributeSet)
android.support.v7.internal.view.menu.ListMenuItemView: void setForceShowIcon(boolean)
android.support.v7.internal.view.menu.ListMenuItemView: void setTitle(java.lang.CharSequence)
android.support.v7.internal.view.menu.ListMenuItemView: android.support.v7.internal.view.menu.MenuItemImpl getItemData()
android.support.v7.internal.view.menu.ListMenuItemView: void setCheckable(boolean)
android.support.v7.internal.view.menu.ListMenuItemView: void setChecked(boolean)
android.support.v7.internal.view.menu.ListMenuItemView: void setIcon(android.graphics.drawable.Drawable)
android.support.v7.internal.view.menu.ListMenuItemView: android.view.LayoutInflater getInflater()
android.support.v7.internal.widget.AbsActionBarView: AbsActionBarView(android.content.Context)
android.support.v7.internal.widget.AbsActionBarView: AbsActionBarView(android.content.Context,android.util.AttributeSet)
android.support.v7.internal.widget.AbsActionBarView: AbsActionBarView(android.content.Context,android.util.AttributeSet,int)
android.support.v7.internal.widget.AbsActionBarView: void setSplitActionBar(boolean)
android.support.v7.internal.widget.AbsActionBarView: void setSplitWhenNarrow(boolean)
android.support.v7.internal.widget.AbsActionBarView: void setContentHeight(int)
android.support.v7.internal.widget.AbsActionBarView: int getContentHeight()
android.support.v7.internal.widget.AbsActionBarView: void setSplitView(android.support.v7.internal.widget.ActionBarContainer)
android.support.v7.internal.widget.AbsActionBarView: int getAnimatedVisibility()
android.support.v7.internal.widget.AbsActionBarView: void setVisibility(int)
android.support.v7.internal.widget.AbsSpinnerICS$SavedState: android.os.Parcelable$Creator CREATOR
android.support.v7.internal.widget.ActionBarContainer
android.support.v7.internal.widget.ActionBarContainer: ActionBarContainer(android.content.Context)
android.support.v7.internal.widget.ActionBarContainer: ActionBarContainer(android.content.Context,android.util.AttributeSet)
android.support.v7.internal.widget.ActionBarContainer: void setPrimaryBackground(android.graphics.drawable.Drawable)
android.support.v7.internal.widget.ActionBarContainer: void setStackedBackground(android.graphics.drawable.Drawable)
android.support.v7.internal.widget.ActionBarContainer: void setSplitBackground(android.graphics.drawable.Drawable)
android.support.v7.internal.widget.ActionBarContainer: void setVisibility(int)
android.support.v7.internal.widget.ActionBarContainer: void setTransitioning(boolean)
android.support.v7.internal.widget.ActionBarContainer: void setTabContainer(android.support.v7.internal.widget.ScrollingTabContainerView)
android.support.v7.internal.widget.ActionBarContainer: android.view.View getTabContainer()