webviewtest/proguard/mapping.txt
com.example.webviewtest.MainActivity -> com.example.webviewtest.MainActivity:
    android.webkit.ValueCallback mUploadMessage -> a
    void onCreate(android.os.Bundle) -> onCreate
    void onActivityResult(int,int,android.content.Intent) -> onActivityResult
com.example.webviewtest.MainActivity$1 -> com.example.webviewtest.a:
    com.example.webviewtest.MainActivity this$0 -> a
    boolean onJsAlert(android.webkit.WebView,java.lang.String,java.lang.String,android.webkit.JsResult) -> onJsAlert
    boolean onShowFileChooser(android.webkit.WebView,android.webkit.ValueCallback,android.webkit.WebChromeClient$FileChooserParams) -> onShowFileChooser
...
android.support.v7.internal.widget.SpinnerICS$1 -> android.support.v7.internal.widget.ap:
android.support.v7.internal.widget.SpinnerICS$DialogPopup -> android.support.v7.internal.widget.aq:
    android.app.AlertDialog mPopup -> b
    android.widget.ListAdapter mListAdapter -> c
    java.lang.CharSequence mPrompt -> d
    android.support.v7.internal.widget.SpinnerICS this$0 -> a
    void dismiss() -> d
    boolean isShowing() -> f
    void setAdapter(android.widget.ListAdapter) -> a
    void setPromptText(java.lang.CharSequence) -> a
    void show() -> c
    void onClick(android.content.DialogInterface,int) -> onClick
android.support.v7.internal.widget.SpinnerICS$DropDownAdapter -> android.support.v7.internal.widget.ar:
    android.widget.SpinnerAdapter mAdapter -> a
    android.widget.ListAdapter mListAdapter -> b
    int getCount() -> getCount
    java.lang.Object getItem(int) -> getItem
    long getItemId(int) -> getItemId
    android.view.View getView(int,android.view.View,android.view.ViewGroup) -> getView
    android.view.View getDropDownView(int,android.view.View,android.view.ViewGroup) -> getDropDownView
    boolean hasStableIds() -> hasStableIds
    void registerDataSetObserver(android.database.DataSetObserver) -> registerDataSetObserver
    void unregisterDataSetObserver(android.database.DataSetObserver) -> unregisterDataSetObserver
    boolean areAllItemsEnabled() -> areAllItemsEnabled
    boolean isEnabled(int) -> isEnabled
    int getItemViewType(int) -> getItemViewType
    int getViewTypeCount() -> getViewTypeCount
    boolean isEmpty() -> isEmpty
android.support.v7.internal.widget.SpinnerICS$DropdownPopup -> android.support.v7.internal.widget.as:
    java.lang.CharSequence mHintText -> c
    android.widget.ListAdapter mAdapter -> d
    android.support.v7.internal.widget.SpinnerICS this$0 -> b
    void setAdapter(android.widget.ListAdapter) -> a
    void setPromptText(java.lang.CharSequence) -> a
    void show() -> c
    android.widget.ListAdapter access$100(android.support.v7.internal.widget.SpinnerICS$DropdownPopup) -> a
android.support.v7.internal.widget.SpinnerICS$DropdownPopup$1 -> android.support.v7.internal.widget.at:
    android.support.v7.internal.widget.SpinnerICS val$this$0 -> a
    android.support.v7.internal.widget.SpinnerICS$DropdownPopup this$1 -> b
    void onItemClick(android.support.v7.internal.widget.AdapterViewICS,android.view.View,int,long) -> a
android.support.v7.internal.widget.SpinnerICS$SpinnerPopup -> android.support.v7.internal.widget.au:
    void setAdapter(android.widget.ListAdapter) -> a
    void show() -> c
    void dismiss() -> d
    boolean isShowing() -> f
    void setPromptText(java.lang.CharSequence) -> a
android.support.v7.view.CollapsibleActionView -> android.support.v7.c.a:
    void onActionViewExpanded() -> a
    void onActionViewCollapsed() -> b