webviewtest/proguard/usage.txt
com.example.webviewtest.BuildConfig
com.example.webviewtest.MainActivity:
    private static final int FILECHOOSER_RESULTCODE
    16:16:static synthetic void access$0(com.example.webviewtest.MainActivity,android.webkit.ValueCallback)
com.example.webviewtest.MainActivity$1:
    41:46:public void openFileChooser(android.webkit.ValueCallback)
    50:55:public void openFileChooser(android.webkit.ValueCallback,java.lang.String)
    59:64:public void openFileChooser(android.webkit.ValueCallback,java.lang.String,java.lang.String)
com.example.webviewtest.R
com.example.webviewtest.R$anim
com.example.webviewtest.R$attr
com.example.webviewtest.R$bool
com.example.webviewtest.R$color
com.example.webviewtest.R$dimen
com.example.webviewtest.R$drawable
com.example.webviewtest.R$id
com.example.webviewtest.R$integer
com.example.webviewtest.R$layout
com.example.webviewtest.R$string
com.example.webviewtest.R$style
com.example.webviewtest.R$styleable
...
android.support.v4.util.Pools$SynchronizedPool
android.support.v4.util.SimpleArrayMap
android.support.v4.util.SparseArrayCompat
android.support.v4.util.TimeUtils
android.support.v4.view.AccessibilityDelegateCompat
android.support.v4.view.AccessibilityDelegateCompat$AccessibilityDelegateIcsImpl
android.support.v4.view.AccessibilityDelegateCompat$AccessibilityDelegateIcsImpl$1
android.support.v4.view.AccessibilityDelegateCompat$AccessibilityDelegateImpl
android.support.v4.view.AccessibilityDelegateCompat$AccessibilityDelegateJellyBeanImpl
android.support.v4.view.AccessibilityDelegateCompat$AccessibilityDelegateJellyBeanImpl$1
android.support.v4.view.AccessibilityDelegateCompat$AccessibilityDelegateStubImpl
android.support.v4.view.AccessibilityDelegateCompatIcs
android.support.v4.view.AccessibilityDelegateCompatIcs$1
android.support.v4.view.AccessibilityDelegateCompatIcs$AccessibilityDelegateBridge
android.support.v4.view.AccessibilityDelegateCompatJellyBean
android.support.v4.view.AccessibilityDelegateCompatJellyBean$1
android.support.v4.view.AccessibilityDelegateCompatJellyBean$AccessibilityDelegateBridgeJellyBean
android.support.v4.view.ActionProvider:
    private static final java.lang.String TAG
    private final android.content.Context mContext
    private android.support.v4.view.ActionProvider$VisibilityListener mVisibilityListener
    78:80:public ActionProvider(android.content.Context)
    86:86:public android.content.Context getContext()
    145:148:public void refreshVisibility()
    217:220:public void subUiVisibilityChanged(boolean)
    236:242:public void setVisibilityListener(android.support.v4.view.ActionProvider$VisibilityListener)
android.support.v4.view.ActionProvider$SubUiVisibilityListener:
    public abstract void onSubUiVisibilityChanged(boolean)
android.support.v4.view.ActionProvider$VisibilityListener
android.support.v4.view.GestureDetectorCompat
android.support.v4.view.GestureDetectorCompat$GestureDetectorCompatImpl
android.support.v4.view.GestureDetectorCompat$GestureDetectorCompatImplBase
android.support.v4.view.GestureDetectorCompat$GestureDetectorCompatImplBase$GestureHandler
android.support.v4.view.GestureDetectorCompat$GestureDetectorCompatImplJellybeanMr2
android.support.v4.view.GravityCompat
android.support.v4.view.GravityCompat$GravityCompatImpl
android.support.v4.view.GravityCompat$GravityCompatImplBase
android.support.v4.view.GravityCompat$GravityCompatImplJellybeanMr1
android.support.v4.view.GravityCompatJellybeanMr1
android.support.v4.view.KeyEventCompat
android.support.v4.view.KeyEventCompat$BaseKeyEventVersionImpl
android.support.v4.view.KeyEventCompat$EclairKeyEventVersionImpl
android.support.v4.view.KeyEventCompat$HoneycombKeyEventVersionImpl
android.support.v4.view.KeyEventCompat$KeyEventVersionImpl
android.support.v4.view.KeyEventCompatEclair
android.support.v4.view.KeyEventCompatHoneycomb
android.support.v4.view.MarginLayoutParamsCompat
android.support.v4.view.MarginLayoutParamsCompat$MarginLayoutParamsCompatImpl
android.support.v4.view.MarginLayoutParamsCompat$MarginLayoutParamsCompatImplBase
android.support.v4.view.MarginLayoutParamsCompat$MarginLayoutParamsCompatImplJbMr1
android.support.v4.view.MarginLayoutParamsCompatJellybeanMr1
android.support.v4.view.MenuCompat